This file contains any messages produced by compilers while
running configure, to aid debugging if configure makes a mistake.

It was created by Apertium Corsican-French configure 0.2.0, which was
generated by GNU Autoconf 2.69.  Invocation command line was

  $ ./configure --with-lang1=../apertium-cos --with-lang2=../apertium-fra

## --------- ##
## Platform. ##
## --------- ##

hostname = ap-vbox
uname -m = i686
uname -r = 4.4.0-93-generic
uname -s = Linux
uname -v = #116-Ubuntu SMP Fri Aug 11 21:17:52 UTC 2017

/usr/bin/uname -p = unknown
/bin/uname -X     = unknown

/bin/arch              = unknown
/usr/bin/arch -k       = unknown
/usr/convex/getsysinfo = unknown
/usr/bin/hostinfo      = unknown
/bin/machine           = unknown
/usr/bin/oslevel       = unknown
/bin/universe          = unknown

PATH: /usr/local/sbin
PATH: /usr/local/bin
PATH: /usr/sbin
PATH: /usr/bin
PATH: /sbin
PATH: /bin
PATH: /usr/games
PATH: /usr/local/games
PATH: /usr/local/bin


## ----------- ##
## Core tests. ##
## ----------- ##

configure:1846: checking for a BSD-compatible install
configure:1914: result: /usr/bin/install -c
configure:1925: checking whether build environment is sane
configure:1980: result: yes
configure:2131: checking for a thread-safe mkdir -p
configure:2170: result: /bin/mkdir -p
configure:2177: checking for gawk
configure:2193: found /usr/bin/gawk
configure:2204: result: gawk
configure:2215: checking whether make sets $(MAKE)
configure:2237: result: yes
configure:2266: checking whether make supports nested variables
configure:2283: result: yes
configure:2410: checking whether ln -s works
configure:2414: result: yes
configure:2425: checking for gawk
configure:2452: result: gawk
configure:2519: checking for pkg-config
configure:2537: found /usr/bin/pkg-config
configure:2549: result: /usr/bin/pkg-config
configure:2574: checking pkg-config is at least version 0.9.0
configure:2577: result: yes
configure:2587: checking for APERTIUM
configure:2594: $PKG_CONFIG --exists --print-errors "apertium >= 3.4.0"
configure:2597: $? = 0
configure:2611: $PKG_CONFIG --exists --print-errors "apertium >= 3.4.0"
configure:2614: $? = 0
configure:2832: result: yes
configure:2841: checking for cg-comp
configure:2859: found /usr/bin/cg-comp
configure:2872: result: /usr/bin/cg-comp
configure:2886: checking for cg-proc
configure:2904: found /usr/bin/cg-proc
configure:2917: result: /usr/bin/cg-proc
configure:2931: checking for lrx-comp
configure:2949: found /usr/bin/lrx-comp
configure:2962: result: /usr/bin/lrx-comp
configure:2976: checking for lrx-proc
configure:2994: found /usr/bin/lrx-proc
configure:3007: result: /usr/bin/lrx-proc
configure:3023: checking for gzcat
configure:3056: result: no
configure:3023: checking for zcat
configure:3041: found /bin/zcat
configure:3053: result: /bin/zcat
configure:3543: checking that generated files are newer than configure
configure:3549: result: done
configure:3557: creating ./config.status

## ---------------------- ##
## Running config.status. ##
## ---------------------- ##

This file was extended by Apertium Corsican-French config.status 0.2.0, which was
generated by GNU Autoconf 2.69.  Invocation command line was

  CONFIG_FILES    = 
  CONFIG_HEADERS  = 
  CONFIG_LINKS    = 
  CONFIG_COMMANDS = 
  $ ./config.status 

on ap-vbox

config.status:792: creating Makefile

## ---------------- ##
## Cache variables. ##
## ---------------- ##

ac_cv_env_APERTIUM_CFLAGS_set=
ac_cv_env_APERTIUM_CFLAGS_value=
ac_cv_env_APERTIUM_COS_CFLAGS_set=
ac_cv_env_APERTIUM_COS_CFLAGS_value=
ac_cv_env_APERTIUM_COS_LIBS_set=
ac_cv_env_APERTIUM_COS_LIBS_value=
ac_cv_env_APERTIUM_FRA_CFLAGS_set=
ac_cv_env_APERTIUM_FRA_CFLAGS_value=
ac_cv_env_APERTIUM_FRA_LIBS_set=
ac_cv_env_APERTIUM_FRA_LIBS_value=
ac_cv_env_APERTIUM_LIBS_set=
ac_cv_env_APERTIUM_LIBS_value=
ac_cv_env_AP_LIB1_set=
ac_cv_env_AP_LIB1_value=
ac_cv_env_AP_LIB2_set=
ac_cv_env_AP_LIB2_value=
ac_cv_env_AP_SRC1_set=
ac_cv_env_AP_SRC1_value=
ac_cv_env_AP_SRC2_set=
ac_cv_env_AP_SRC2_value=
ac_cv_env_AP_SUBDIRS_set=
ac_cv_env_AP_SUBDIRS_value=
ac_cv_env_PKG_CONFIG_LIBDIR_set=
ac_cv_env_PKG_CONFIG_LIBDIR_value=
ac_cv_env_PKG_CONFIG_PATH_set=set
ac_cv_env_PKG_CONFIG_PATH_value=:/usr/local/share/pkgconfig:/usr/local/lib/pkgconfig
ac_cv_env_PKG_CONFIG_set=
ac_cv_env_PKG_CONFIG_value=
ac_cv_env_build_alias_set=
ac_cv_env_build_alias_value=
ac_cv_env_host_alias_set=
ac_cv_env_host_alias_value=
ac_cv_env_target_alias_set=
ac_cv_env_target_alias_value=
ac_cv_path_CGCOMP=/usr/bin/cg-comp
ac_cv_path_CGPROC=/usr/bin/cg-proc
ac_cv_path_LRXCOMP=/usr/bin/lrx-comp
ac_cv_path_LRXPROC=/usr/bin/lrx-proc
ac_cv_path_ZCAT=/bin/zcat
ac_cv_path_ac_pt_PKG_CONFIG=/usr/bin/pkg-config
ac_cv_path_install='/usr/bin/install -c'
ac_cv_path_mkdir=/bin/mkdir
ac_cv_prog_AWK=gawk
ac_cv_prog_make_make_set=yes
am_cv_make_support_nested_variables=yes
pkg_cv_APERTIUM_CFLAGS='-I/usr/include/apertium-3.5 -I/usr/lib/i386-linux-gnu/apertium-3.5/include -I/usr/include/lttoolbox-3.5 -I/usr/lib/i386-linux-gnu/lttoolbox-3.5/include -I/usr/include/libxml2'
pkg_cv_APERTIUM_LIBS='-lapertium3 -llttoolbox3 -lxml2 -lpcre'

## ----------------- ##
## Output variables. ##
## ----------------- ##

ACLOCAL='${SHELL} /home/apertium/source/apertium-cos-fra/missing aclocal-1.15'
AMTAR='$${TAR-tar}'
AM_BACKSLASH='\'
AM_DEFAULT_V='$(AM_DEFAULT_VERBOSITY)'
AM_DEFAULT_VERBOSITY='1'
AM_V='$(V)'
APERTIUM_CFLAGS='-I/usr/include/apertium-3.5 -I/usr/lib/i386-linux-gnu/apertium-3.5/include -I/usr/include/lttoolbox-3.5 -I/usr/lib/i386-linux-gnu/lttoolbox-3.5/include -I/usr/include/libxml2'
APERTIUM_COS_CFLAGS=''
APERTIUM_COS_LIBS=''
APERTIUM_FRA_CFLAGS=''
APERTIUM_FRA_LIBS=''
APERTIUM_LIBS='-lapertium3 -llttoolbox3 -lxml2 -lpcre'
AP_LIB1='../apertium-cos'
AP_LIB2='../apertium-fra'
AP_SRC1='../apertium-cos'
AP_SRC2='../apertium-fra'
AP_SUBDIRS=' ../apertium-cos ../apertium-fra'
AUTOCONF='${SHELL} /home/apertium/source/apertium-cos-fra/missing autoconf'
AUTOHEADER='${SHELL} /home/apertium/source/apertium-cos-fra/missing autoheader'
AUTOMAKE='${SHELL} /home/apertium/source/apertium-cos-fra/missing automake-1.15'
AWK='gawk'
CGCOMP='/usr/bin/cg-comp'
CGPROC='/usr/bin/cg-proc'
CYGPATH_W='echo'
DEFS='-DPACKAGE_NAME=\"Apertium\ Corsican-French\" -DPACKAGE_TARNAME=\"apertium-cos-fra\" -DPACKAGE_VERSION=\"0.2.0\" -DPACKAGE_STRING=\"Apertium\ Corsican-French\ 0.2.0\" -DPACKAGE_BUGREPORT=\"apertium-stuff@lists.sourceforge.net\" -DPACKAGE_URL=\"http://wiki.apertium.org/wiki/Apertium-cos-fra\" -DPACKAGE=\"apertium-cos-fra\" -DVERSION=\"0.2.0\"'
ECHO_C=''
ECHO_N='-n'
ECHO_T=''
INSTALL_DATA='${INSTALL} -m 644'
INSTALL_PROGRAM='${INSTALL}'
INSTALL_SCRIPT='${INSTALL}'
INSTALL_STRIP_PROGRAM='$(install_sh) -c -s'
LIBOBJS=''
LIBS=''
LN_S='ln -s'
LRXCOMP='/usr/bin/lrx-comp'
LRXPROC='/usr/bin/lrx-proc'
LTLIBOBJS=''
MAKEINFO='${SHELL} /home/apertium/source/apertium-cos-fra/missing makeinfo'
MKDIR_P='/bin/mkdir -p'
PACKAGE='apertium-cos-fra'
PACKAGE_BUGREPORT='apertium-stuff@lists.sourceforge.net'
PACKAGE_NAME='Apertium Corsican-French'
PACKAGE_STRING='Apertium Corsican-French 0.2.0'
PACKAGE_TARNAME='apertium-cos-fra'
PACKAGE_URL='http://wiki.apertium.org/wiki/Apertium-cos-fra'
PACKAGE_VERSION='0.2.0'
PATH_SEPARATOR=':'
PKG_CONFIG='/usr/bin/pkg-config'
PKG_CONFIG_LIBDIR=''
PKG_CONFIG_PATH=':/usr/local/share/pkgconfig:/usr/local/lib/pkgconfig'
SET_MAKE=''
SHELL='/bin/bash'
STRIP=''
VERSION='0.2.0'
ZCAT='/bin/zcat'
am__isrc=''
am__leading_dot='.'
am__tar='$${TAR-tar} chof - "$$tardir"'
am__untar='$${TAR-tar} xf -'
bindir='${exec_prefix}/bin'
build_alias=''
datadir='${datarootdir}'
datarootdir='${prefix}/share'
docdir='${datarootdir}/doc/${PACKAGE_TARNAME}'
dvidir='${docdir}'
exec_prefix='${prefix}'
host_alias=''
htmldir='${docdir}'
includedir='${prefix}/include'
infodir='${datarootdir}/info'
install_sh='${SHELL} /home/apertium/source/apertium-cos-fra/install-sh'
libdir='${exec_prefix}/lib'
libexecdir='${exec_prefix}/libexec'
localedir='${datarootdir}/locale'
localstatedir='${prefix}/var'
mandir='${datarootdir}/man'
mkdir_p='$(MKDIR_P)'
oldincludedir='/usr/include'
pdfdir='${docdir}'
prefix='/usr/local'
program_transform_name='s,x,x,'
psdir='${docdir}'
runstatedir='${localstatedir}/run'
sbindir='${exec_prefix}/sbin'
sharedstatedir='${prefix}/com'
sysconfdir='${prefix}/etc'
target_alias=''

## ------------------- ##
## File substitutions. ##
## ------------------- ##

ap_include='./ap_include.am'

## ----------- ##
## confdefs.h. ##
## ----------- ##

/* confdefs.h */
#define PACKAGE_NAME "Apertium Corsican-French"
#define PACKAGE_TARNAME "apertium-cos-fra"
#define PACKAGE_VERSION "0.2.0"
#define PACKAGE_STRING "Apertium Corsican-French 0.2.0"
#define PACKAGE_BUGREPORT "apertium-stuff@lists.sourceforge.net"
#define PACKAGE_URL "http://wiki.apertium.org/wiki/Apertium-cos-fra"
#define PACKAGE "apertium-cos-fra"
#define VERSION "0.2.0"

configure: exit 0
